<?xml version="1.0" encoding="UTF-8"?>
<!-- Generated by org.testng.reporters.JUnitXMLReporter -->
<testsuite ignored="0" hostname="LAPTOP-KFK9388M" failures="0" tests="6" name="Test1" time="70.892" errors="0" timestamp="2023-05-18T21:12:31 IST">
  <testcase classname="testCase.LoginPageErrorMessage" name="verifyLoginMessage" time="2.569"/>
  <testcase classname="testCase.LoginPageErrorMessage" name="verifyLoginMessage" time="6.9"/>
  <testcase classname="testCase.LoginPageErrorMessage" name="verifyLoginMessage" time="2.677"/>
  <testcase classname="testCase.LoginPageErrorMessage" name="verifyLoginMessage" time="2.691"/>
  <testcase classname="testCase.LoginPageErrorMessage" name="verifyLoginMessage" time="4.954"/>
  <testcase classname="testCase.LoginPageErrorMessage" name="verifyLoginMessage" time="6.592"/>
</testsuite> <!-- Test1 -->
