<?xml version="1.0" encoding="UTF-8"?>
<!-- Generated by org.testng.reporters.JUnitXMLReporter -->
<testsuite ignored="0" hostname="LAPTOP-KFK9388M" failures="0" tests="7" name="Test2" time="32.055" errors="0" timestamp="2023-01-24T13:05:23 IST">
  <testcase classname="testCase.LoginValidation" name="getPageTest" time="0.755"/>
  <testcase classname="testCase.LoginValidation" name="getPageTest" time="4.454"/>
  <testcase classname="testCase.LoginValidation" name="getPageTest" time="4.348"/>
  <testcase classname="testCase.LoginValidation" name="getPageTest" time="4.331"/>
  <testcase classname="testCase.LoginValidation" name="getPageTest" time="4.363"/>
  <testcase classname="testCase.LoginValidation" name="getPageTest" time="0.732"/>
  <testcase classname="testCase.LoginValidation" name="getPageTest" time="4.29"/>
</testsuite> <!-- Test2 -->
