<?xml version="1.0" encoding="UTF-8"?>
<testng-results ignored="0" total="2" passed="2" failed="0" skipped="0">
  <reporter-output>
  </reporter-output>
  <suite started-at="2023-01-26T16:41:13 IST" name="Suite" finished-at="2023-01-26T16:41:29 IST" duration-ms="16217">
    <groups>
    </groups>
    <test started-at="2023-01-26T16:41:13 IST" name="order Test" finished-at="2023-01-26T16:41:29 IST" duration-ms="16217">
      <class name="testCase.cartPageTest">
        <test-method is-config="true" signature="LaunchApplication()[pri:0, instance:testCase.cartPageTest@f6efaab]" started-at="2023-01-26T16:41:14 IST" name="LaunchApplication" finished-at="2023-01-26T16:41:22 IST" duration-ms="8429" status="PASS">
          <reporter-output>
          </reporter-output>
        </test-method> <!-- LaunchApplication -->
        <test-method is-config="true" signature="LaunchApplication()[pri:0, instance:testCase.cartPageTest@f6efaab]" started-at="2023-01-26T16:41:14 IST" name="LaunchApplication" finished-at="2023-01-26T16:41:22 IST" duration-ms="8111" status="PASS">
          <reporter-output>
          </reporter-output>
        </test-method> <!-- LaunchApplication -->
        <test-method signature="TestCase1(java.util.HashMap)[pri:0, instance:testCase.cartPageTest@f6efaab]" started-at="2023-01-26T16:41:22 IST" name="TestCase1" data-provider="addProduct" finished-at="2023-01-26T16:41:27 IST" duration-ms="4818" status="PASS">
          <params>
            <param index="0">
              <value>
                <![CDATA[{country name=India, product name=adidas original, Toast message=Product Added To Cart, cart page heading=My Cart, order success message=Order Placed Successfully, payment title=Payment Method, Home page heading=AUTOMATION}]]>
              </value>
            </param>
          </params>
          <reporter-output>
          </reporter-output>
        </test-method> <!-- TestCase1 -->
        <test-method signature="TestCase1(java.util.HashMap)[pri:0, instance:testCase.cartPageTest@f6efaab]" started-at="2023-01-26T16:41:22 IST" name="TestCase1" data-provider="addProduct" finished-at="2023-01-26T16:41:28 IST" duration-ms="5476" status="PASS">
          <params>
            <param index="0">
              <value>
                <![CDATA[{country name=India, product name=zara coat 3, Toast message=Product Added To Cart, cart page heading=My Cart, order success message=Order Placed Successfully, payment title=Payment Method, Home page heading=AUTOMATION}]]>
              </value>
            </param>
          </params>
          <reporter-output>
          </reporter-output>
        </test-method> <!-- TestCase1 -->
        <test-method is-config="true" signature="tearDown()[pri:0, instance:testCase.cartPageTest@f6efaab]" started-at="2023-01-26T16:41:28 IST" name="tearDown" finished-at="2023-01-26T16:41:28 IST" duration-ms="1" status="PASS">
          <reporter-output>
          </reporter-output>
        </test-method> <!-- tearDown -->
        <test-method is-config="true" signature="tearDown()[pri:0, instance:testCase.cartPageTest@f6efaab]" started-at="2023-01-26T16:41:29 IST" name="tearDown" finished-at="2023-01-26T16:41:29 IST" duration-ms="0" status="PASS">
          <reporter-output>
          </reporter-output>
        </test-method> <!-- tearDown -->
      </class> <!-- testCase.cartPageTest -->
    </test> <!-- order Test -->
  </suite> <!-- Suite -->
</testng-results>
