<?xml version="1.0" encoding="UTF-8"?>
<testng-results ignored="0" total="6" passed="6" failed="0" skipped="0">
  <reporter-output>
  </reporter-output>
  <suite started-at="2023-05-18T21:11:20 IST" name="Demo Web App test suite" finished-at="2023-05-18T21:12:31 IST" duration-ms="70892">
    <groups>
    </groups>
    <test started-at="2023-05-18T21:11:20 IST" name="Test1" finished-at="2023-05-18T21:12:31 IST" duration-ms="70892">
      <class name="testCase.LoginPageErrorMessage">
        <test-method is-config="true" signature="LaunchApplication()[pri:0, instance:testCase.LoginPageErrorMessage@59662a0b]" started-at="2023-05-18T21:11:22 IST" name="LaunchApplication" finished-at="2023-05-18T21:11:33 IST" duration-ms="10574" status="PASS">
          <reporter-output>
          </reporter-output>
        </test-method> <!-- LaunchApplication -->
        <test-method is-config="true" signature="LaunchApplication()[pri:0, instance:testCase.LoginPageErrorMessage@59662a0b]" started-at="2023-05-18T21:11:22 IST" name="LaunchApplication" finished-at="2023-05-18T21:11:51 IST" duration-ms="28588" status="PASS">
          <reporter-output>
          </reporter-output>
        </test-method> <!-- LaunchApplication -->
        <test-method is-config="true" signature="LaunchApplication()[pri:0, instance:testCase.LoginPageErrorMessage@59662a0b]" started-at="2023-05-18T21:11:22 IST" name="LaunchApplication" finished-at="2023-05-18T21:11:36 IST" duration-ms="14337" status="PASS">
          <reporter-output>
          </reporter-output>
        </test-method> <!-- LaunchApplication -->
        <test-method signature="verifyLoginMessage(java.util.HashMap)[pri:0, instance:testCase.LoginPageErrorMessage@59662a0b]" started-at="2023-05-18T21:11:33 IST" name="verifyLoginMessage" data-provider="hello" finished-at="2023-05-18T21:11:39 IST" duration-ms="6900" status="PASS">
          <params>
            <param index="0">
              <value>
                <![CDATA[{page heading=Automation, User Name=vasuK1234@gmail.com, Password=vasudevK@09}]]>
              </value>
            </param>
          </params>
          <reporter-output>
          </reporter-output>
        </test-method> <!-- verifyLoginMessage -->
        <test-method signature="verifyLoginMessage(java.util.HashMap)[pri:0, instance:testCase.LoginPageErrorMessage@59662a0b]" started-at="2023-05-18T21:11:36 IST" name="verifyLoginMessage" data-provider="hello" finished-at="2023-05-18T21:11:39 IST" duration-ms="2569" status="PASS">
          <params>
            <param index="0">
              <value>
                <![CDATA[{page heading=*Email is required,*Password is required, User Name=, Password=}]]>
              </value>
            </param>
          </params>
          <reporter-output>
          </reporter-output>
        </test-method> <!-- verifyLoginMessage -->
        <test-method is-config="true" signature="tearDown()[pri:0, instance:testCase.LoginPageErrorMessage@59662a0b]" started-at="2023-05-18T21:11:40 IST" name="tearDown" finished-at="2023-05-18T21:11:40 IST" duration-ms="0" status="PASS">
          <reporter-output>
          </reporter-output>
        </test-method> <!-- tearDown -->
        <test-method is-config="true" signature="LaunchApplication()[pri:0, instance:testCase.LoginPageErrorMessage@59662a0b]" started-at="2023-05-18T21:11:40 IST" name="LaunchApplication" finished-at="2023-05-18T21:11:51 IST" duration-ms="10265" status="PASS">
          <reporter-output>
          </reporter-output>
        </test-method> <!-- LaunchApplication -->
        <test-method is-config="true" signature="tearDown()[pri:0, instance:testCase.LoginPageErrorMessage@59662a0b]" started-at="2023-05-18T21:11:40 IST" name="tearDown" finished-at="2023-05-18T21:11:40 IST" duration-ms="0" status="PASS">
          <reporter-output>
          </reporter-output>
        </test-method> <!-- tearDown -->
        <test-method is-config="true" signature="LaunchApplication()[pri:0, instance:testCase.LoginPageErrorMessage@59662a0b]" started-at="2023-05-18T21:11:40 IST" name="LaunchApplication" finished-at="2023-05-18T21:11:53 IST" duration-ms="12168" status="PASS">
          <reporter-output>
          </reporter-output>
        </test-method> <!-- LaunchApplication -->
        <test-method signature="verifyLoginMessage(java.util.HashMap)[pri:0, instance:testCase.LoginPageErrorMessage@59662a0b]" started-at="2023-05-18T21:11:51 IST" name="verifyLoginMessage" data-provider="hello" finished-at="2023-05-18T21:11:53 IST" duration-ms="2677" status="PASS">
          <params>
            <param index="0">
              <value>
                <![CDATA[{page heading=*Enter Valid Email, User Name=a, Password=fun}]]>
              </value>
            </param>
          </params>
          <reporter-output>
          </reporter-output>
        </test-method> <!-- verifyLoginMessage -->
        <test-method signature="verifyLoginMessage(java.util.HashMap)[pri:0, instance:testCase.LoginPageErrorMessage@59662a0b]" started-at="2023-05-18T21:11:51 IST" name="verifyLoginMessage" data-provider="hello" finished-at="2023-05-18T21:11:53 IST" duration-ms="2691" status="PASS">
          <params>
            <param index="0">
              <value>
                <![CDATA[{page heading=*Enter Valid Email, User Name=vasudev, Password=1234}]]>
              </value>
            </param>
          </params>
          <reporter-output>
          </reporter-output>
        </test-method> <!-- verifyLoginMessage -->
        <test-method signature="verifyLoginMessage(java.util.HashMap)[pri:0, instance:testCase.LoginPageErrorMessage@59662a0b]" started-at="2023-05-18T21:11:53 IST" name="verifyLoginMessage" data-provider="hello" finished-at="2023-05-18T21:11:58 IST" duration-ms="4954" status="PASS">
          <params>
            <param index="0">
              <value>
                <![CDATA[{page heading=Incorrect email or password., User Name=vasuK1234@gmail.com, Password=a}]]>
              </value>
            </param>
          </params>
          <reporter-output>
          </reporter-output>
        </test-method> <!-- verifyLoginMessage -->
        <test-method is-config="true" signature="tearDown()[pri:0, instance:testCase.LoginPageErrorMessage@59662a0b]" started-at="2023-05-18T21:11:55 IST" name="tearDown" finished-at="2023-05-18T21:11:55 IST" duration-ms="0" status="PASS">
          <reporter-output>
          </reporter-output>
        </test-method> <!-- tearDown -->
        <test-method is-config="true" signature="LaunchApplication()[pri:0, instance:testCase.LoginPageErrorMessage@59662a0b]" started-at="2023-05-18T21:11:55 IST" name="LaunchApplication" finished-at="2023-05-18T21:12:24 IST" duration-ms="28801" status="PASS">
          <reporter-output>
          </reporter-output>
        </test-method> <!-- LaunchApplication -->
        <test-method is-config="true" signature="tearDown()[pri:0, instance:testCase.LoginPageErrorMessage@59662a0b]" started-at="2023-05-18T21:11:55 IST" name="tearDown" finished-at="2023-05-18T21:11:55 IST" duration-ms="0" status="PASS">
          <reporter-output>
          </reporter-output>
        </test-method> <!-- tearDown -->
        <test-method is-config="true" signature="tearDown()[pri:0, instance:testCase.LoginPageErrorMessage@59662a0b]" started-at="2023-05-18T21:11:59 IST" name="tearDown" finished-at="2023-05-18T21:11:59 IST" duration-ms="1" status="PASS">
          <reporter-output>
          </reporter-output>
        </test-method> <!-- tearDown -->
        <test-method signature="verifyLoginMessage(java.util.HashMap)[pri:0, instance:testCase.LoginPageErrorMessage@59662a0b]" started-at="2023-05-18T21:12:24 IST" name="verifyLoginMessage" data-provider="hello" finished-at="2023-05-18T21:12:30 IST" duration-ms="6592" status="PASS">
          <params>
            <param index="0">
              <value>
                <![CDATA[{page heading=Automation, User Name=vasuK1234@gmail.com, Password=vasudevK@09}]]>
              </value>
            </param>
          </params>
          <reporter-output>
          </reporter-output>
        </test-method> <!-- verifyLoginMessage -->
        <test-method is-config="true" signature="tearDown()[pri:0, instance:testCase.LoginPageErrorMessage@59662a0b]" started-at="2023-05-18T21:12:31 IST" name="tearDown" finished-at="2023-05-18T21:12:31 IST" duration-ms="0" status="PASS">
          <reporter-output>
          </reporter-output>
        </test-method> <!-- tearDown -->
      </class> <!-- testCase.LoginPageErrorMessage -->
    </test> <!-- Test1 -->
  </suite> <!-- Demo Web App test suite -->
</testng-results>
