<?xml version="1.0" encoding="UTF-8"?>
<!-- Generated by org.testng.reporters.JUnitXMLReporter -->
<testsuite ignored="0" hostname="LAPTOP-KFK9388M" failures="0" tests="7" name="Test2" time="25.709" errors="0" timestamp="2023-01-20T22:54:23 IST">
  <testcase classname="testCase.DemoTest" name="getPageTest" time="13.782"/>
  <testcase classname="testCase.DemoTest" name="getPageTest" time="5.692"/>
  <testcase classname="testCase.DemoTest" name="getPageTest" time="9.784"/>
  <testcase classname="testCase.DemoTest" name="getPageTest" time="6.295"/>
  <testcase classname="testCase.DemoTest" name="getPageTest" time="9.756"/>
  <testcase classname="testCase.DemoTest" name="getPageTest" time="8.114"/>
  <testcase classname="testCase.DemoTest" name="getPageTest" time="10.005"/>
</testsuite> <!-- Test2 -->
